Arguments: 
  C:\Program Files\nodejs\node.exe C:\Program Files\nodejs\node_modules\yarn\bin\yarn.js install

PATH: 
  C:\WINDOWS\system32;C:\WINDOWS;C:\WINDOWS\System32\Wbem;C:\WINDOWS\System32\WindowsPowerShell\v1.0\;C:\Users\runtu\AppData\Roaming\nvm;C:\Program Files\nodejs;C:\Program Files\Git\cmd;C:\WINDOWS\System32\OpenSSH\;C:\Program Files\Redis\;C:\Program Files\Microsoft SQL Server\130\Tools\Binn\;C:\Program Files\Microsoft VS Code\bin;C:\Users\runtu\AppData\Local\Microsoft\WindowsApps;C:\Users\runtu\AppData\Roaming\nvm;C:\Program Files\nodejs;C:\Program Files\Microsoft VS Code\bin;

Yarn version: 
  1.5.1

Node version: 
  8.9.3

Platform: 
  win32 x64

npm manifest: 
  {
    "name": "web",
    "version": "1.0.0",
    "description": "",
    "main": "index.js",
    "scripts": {
      "start": "npm run dev",
      "dev": "umi dev"
    },
    "author": "",
    "license": "ISC",
    "devDependencies": {
      "umi": "^1.3.16"
    }
  }

yarn manifest: 
  No manifest

Lockfile: 
  No lockfile

Trace: 
  Error: Couldn't find package "figures@^2.0.0" required by "inquirer@^3.3.0" on the "npm" registry.
      at new MessageError (C:\Users\runtu\AppData\Roaming\nvm\v8.9.3\node_modules\yarn\lib\cli.js:186:110)
      at PackageRequest.<anonymous> (C:\Users\runtu\AppData\Roaming\nvm\v8.9.3\node_modules\yarn\lib\cli.js:36274:17)
      at Generator.throw (<anonymous>)
      at step (C:\Users\runtu\AppData\Roaming\nvm\v8.9.3\node_modules\yarn\lib\cli.js:98:30)
      at C:\Users\runtu\AppData\Roaming\nvm\v8.9.3\node_modules\yarn\lib\cli.js:111:13
      at <anonymous>
      at process._tickCallback (internal/process/next_tick.js:188:7)
